Traceback (most recent call last):
  File "C:\Dev\ZerveChurn\scripts\run_canvas_locally.py", line 330, in main
    run_block(b, code_path, ns)
    ~~~~~~~~~^^^^^^^^^^^^^^^^^^
  File "C:\Dev\ZerveChurn\scripts\run_canvas_locally.py", line 198, in run_block
    exec(compiled, ns)
    ~~~~^^^^^^^^^^^^^^
  File "C:\Dev\ZerveChurn\Development\Statistical Summaries.py", line 36, in <module>
    categorical_cols = user_retention.select_dtypes(include=['object', 'str']).columns.tolist()
                       ~~~~~~~~~~~~~~~~~~~~~~~~~~~~^^^^^^^^^^^^^^^^^^^^^^^^^^^
TypeError: numpy string dtypes are not allowed, use 'str' or 'object' instead
Traceback (most recent call last):
  File "C:\Dev\ZerveChurn\scripts\run_canvas_locally.py", line 330, in main
    run_block(b, code_path, ns)
    ~~~~~~~~~^^^^^^^^^^^^^^^^^^
  File "C:\Dev\ZerveChurn\scripts\run_canvas_locally.py", line 198, in run_block
    exec(compiled, ns)
    ~~~~^^^^^^^^^^^^^^
  File "C:\Dev\ZerveChurn\Development\Additional Exploratory Visualizations.py", line 206, in <module>
    print(f"  - Categorical features: {len(user_retention.select_dtypes(include=['object', 'str']).columns)}")
                                           ~~~~~~~~~~~~~~~~~~~~~~~~~~~~^^^^^^^^^^^^^^^^^^^^^^^^^^^
TypeError: numpy string dtypes are not allowed, use 'str' or 'object' instead
Traceback (most recent call last):
  File "C:\Dev\ZerveChurn\scripts\run_canvas_locally.py", line 330, in main
    run_block(b, code_path, ns)
    ~~~~~~~~~^^^^^^^^^^^^^^^^^^
  File "C:\Dev\ZerveChurn\scripts\run_canvas_locally.py", line 198, in run_block
    exec(compiled, ns)
    ~~~~^^^^^^^^^^^^^^
  File "C:\Dev\ZerveChurn\Development\Engagement Forecast per Segment.py", line 208, in <module>
    plt.tight_layout()
    ~~~~~~~~~~~~~~~~^^
ValueError: Date ordinal -1004651.4 converts to -781-05-11T14:24:00.000000 (using epoch 1970-01-01T00:00:00), but Matplotlib dates must be between year 0001 and 9999.
    [mpl] could not save C:\Dev\ZerveChurn\outputs\Engagement Forecast per Segment\fig_01.png: Date ordinal -1004651.4 converts to -781-05-11T14:24:00.000000 (using epoch 1970-01-01T00:00:00), but Matplotlib dates must be between year 0001 and 9999.
